Info:NSB_LoadLicensing >> License Found for DevilbissLab Group=Devilbiss office User=
Info:NSB_LoadLicensing >> Trying NIC# 1 = 6C-4B-90-E2-CB-F5
Info:NSB_LoadLicensing >> Framework License Valid.
Info:NSB_LoadLicensing >> Eternal Framework License Valid.
Info:NSB_LoadLicensing >> DSI Import Module License Valid.
Info:NSB_LoadLicensing >> EDF Writer Module License Valid.
Info:NSB_LoadLicensing >> Sleep Scoring Module License Valid.
Info:NSB_LoadLicensing >> FIFF Import Module License Valid.
Info:NSB_LoadLicensing >> Groupwise Table Output Module License Valid.
NexStep Biomarkers Preclinical EEG Framework log file
Data Input Selected: Z:\DevilbissLab\SourceCode\Cerridwen\PreClinicalEEGFramework\Validation
>> Begin Analyses: Fri April 11, 2025  9:49:22 AM
NSB_Workflow_LIMS: Begin
NSB_Workflow_LIMS: Opening - Z:\DevilbissLab\SourceCode\Cerridwen\PreClinicalEEGFramework\Validation : Advanced MATLAB Capture mouse movement File Exchange Pick of the Week.URL
NSB_Workflow_LIMS: Read Time = 0.11191 (sec)
NSB_Workflow_LIMS: No Timestamp/DSI Offset found in file
NSB_Workflow_LIMS: Read FAILED - Z:\DevilbissLab\SourceCode\Cerridwen\PreClinicalEEGFramework\Validation : Advanced MATLAB Capture mouse movement File Exchange Pick of the Week.URL
NSB_Workflow_LIMS: Opening - Z:\DevilbissLab\SourceCode\Cerridwen\PreClinicalEEGFramework\Validation : NSB_SpectralAnalysis_Function.doc
NSB_Workflow_LIMS: Read Time = 0.0002854 (sec)
NSB_Workflow_LIMS: No Timestamp/DSI Offset found in file
NSB_Workflow_LIMS: Read FAILED - Z:\DevilbissLab\SourceCode\Cerridwen\PreClinicalEEGFramework\Validation : NSB_SpectralAnalysis_Function.doc
NSB_Workflow_LIMS: Opening - Z:\DevilbissLab\SourceCode\Cerridwen\PreClinicalEEGFramework\Validation : PreclinicalEEGFramework Validation.doc
NSB_Workflow_LIMS: Read Time = 0.0003 (sec)
NSB_Workflow_LIMS: No Timestamp/DSI Offset found in file
NSB_Workflow_LIMS: Read FAILED - Z:\DevilbissLab\SourceCode\Cerridwen\PreClinicalEEGFramework\Validation : PreclinicalEEGFramework Validation.doc
NSB_Workflow_LIMS: Opening - Z:\DevilbissLab\SourceCode\Cerridwen\PreClinicalEEGFramework\Validation : PreclinicalEEGFramework Validation2 .doc
NSB_Workflow_LIMS: Read Time = 0.0002824 (sec)
NSB_Workflow_LIMS: No Timestamp/DSI Offset found in file
NSB_Workflow_LIMS: Read FAILED - Z:\DevilbissLab\SourceCode\Cerridwen\PreClinicalEEGFramework\Validation : PreclinicalEEGFramework Validation2 .doc
NSB_Workflow_LIMS: Opening - Z:\DevilbissLab\SourceCode\Cerridwen\PreClinicalEEGFramework\Validation : Spectral Analysis.xls
NSB_Workflow_LIMS: Read Time = 0.0015119 (sec)
NSB_Workflow_LIMS: No Timestamp/DSI Offset found in file
NSB_Workflow_LIMS: Read FAILED - Z:\DevilbissLab\SourceCode\Cerridwen\PreClinicalEEGFramework\Validation : Spectral Analysis.xls
NSB_Workflow_LIMS: Opening - Z:\DevilbissLab\SourceCode\Cerridwen\PreClinicalEEGFramework\Validation : Spectral Analysis2.xls
NSB_Workflow_LIMS: Read Time = 5.25e-05 (sec)
NSB_Workflow_LIMS: No Timestamp/DSI Offset found in file
NSB_Workflow_LIMS: Read FAILED - Z:\DevilbissLab\SourceCode\Cerridwen\PreClinicalEEGFramework\Validation : Spectral Analysis2.xls
NSB_Workflow_LIMS: Opening - Z:\DevilbissLab\SourceCode\Cerridwen\PreClinicalEEGFramework\Validation : Startdate 18-APR-1989 X X Polyman_EEG Fpz-Cz_FFT.txt
NSB_Workflow_LIMS: Read Time = 5.26e-05 (sec)
NSB_Workflow_LIMS: No Timestamp/DSI Offset found in file
NSB_Workflow_LIMS: Read FAILED - Z:\DevilbissLab\SourceCode\Cerridwen\PreClinicalEEGFramework\Validation : Startdate 18-APR-1989 X X Polyman_EEG Fpz-Cz_FFT.txt
NSB_Workflow_LIMS: Opening - Z:\DevilbissLab\SourceCode\Cerridwen\PreClinicalEEGFramework\Validation : Startdate 18-APR-1989 X X Polyman_EEG Fpz-Cz_Periodogram.txt
NSB_Workflow_LIMS: Read Time = 4.38e-05 (sec)
NSB_Workflow_LIMS: No Timestamp/DSI Offset found in file
NSB_Workflow_LIMS: Read FAILED - Z:\DevilbissLab\SourceCode\Cerridwen\PreClinicalEEGFramework\Validation : Startdate 18-APR-1989 X X Polyman_EEG Fpz-Cz_Periodogram.txt
NSB_Workflow_LIMS: Opening - Z:\DevilbissLab\SourceCode\Cerridwen\PreClinicalEEGFramework\Validation : WaterFallPlot.txt
NSB_Workflow_LIMS: Read Time = 0.000132 (sec)
NSB_Workflow_LIMS: No Timestamp/DSI Offset found in file
NSB_Workflow_LIMS: Read FAILED - Z:\DevilbissLab\SourceCode\Cerridwen\PreClinicalEEGFramework\Validation : WaterFallPlot.txt
NSB_Workflow_LIMS: Opening - Z:\DevilbissLab\SourceCode\Cerridwen\PreClinicalEEGFramework\Validation : sc4102e0.edf
NSB_Workflow_LIMS: Read Time = 1.4157 (sec)
NSB_Workflow_LIMS: File Start Time = 18-Apr-1989 15:56:00
NSB_Workflow_LIMS: No Timestamp/DSI Offset found in file
NSB_Workflow_LIMS: Read OK - Z:\DevilbissLab\SourceCode\Cerridwen\PreClinicalEEGFramework\Validation : sc4102e0.edf
NSB_Workflow_LIMS: ...Detrending Channels 11-Apr-2025 09:50:46
NSB_Workflow_LIMS: ...Detrending Channels Sucessful. 11-Apr-2025 09:50:48
NSB_Workflow_LIMS: resampling data to 250 Hz
NSB_Workflow_LIMS: ...Analyzing Ch#1 EEG Fpz-Cz: 11-Apr-2025 09:50:48
NSB_Workflow_LIMS >> Found EMG Channel #5 EEG Fpz-Cz: 11-Apr-2025 09:50:48
NSB_Workflow_LIMS: ...Detecting Artifacts: 11-Apr-2025 09:50:48
Information: NSB_ArtifactDetection >> 1.9971% of file marked as artifact
NSB_Workflow_LIMS: ...Running Spectral Analysis: 11-Apr-2025 12:52:07
NSB_Workflow_LIMS: ...Saving Spectral Analysis: 11-Apr-2025 12:52:09
>> Begin Analyses: Fri April 11, 2025  9:49:22 AM
NSB_Workflow_LIMS: Begin
NSB_Workflow_LIMS: Opening - Z:\DevilbissLab\SourceCode\Cerridwen\PreClinicalEEGFramework\Validation : Advanced MATLAB Capture mouse movement File Exchange Pick of the Week.URL
NSB_Workflow_LIMS: Read Time = 0.0014772 (sec)
NSB_Workflow_LIMS: No Timestamp/DSI Offset found in file
NSB_Workflow_LIMS: Read FAILED - Z:\DevilbissLab\SourceCode\Cerridwen\PreClinicalEEGFramework\Validation : Advanced MATLAB Capture mouse movement File Exchange Pick of the Week.URL
NSB_Workflow_LIMS: Opening - Z:\DevilbissLab\SourceCode\Cerridwen\PreClinicalEEGFramework\Validation : NSB_SpectralAnalysis_Function.doc
NSB_Workflow_LIMS: Read Time = 0.0001667 (sec)
NSB_Workflow_LIMS: No Timestamp/DSI Offset found in file
NSB_Workflow_LIMS: Read FAILED - Z:\DevilbissLab\SourceCode\Cerridwen\PreClinicalEEGFramework\Validation : NSB_SpectralAnalysis_Function.doc
NSB_Workflow_LIMS: Opening - Z:\DevilbissLab\SourceCode\Cerridwen\PreClinicalEEGFramework\Validation : PreclinicalEEGFramework Validation.doc
NSB_Workflow_LIMS: Read Time = 0.0001682 (sec)
NSB_Workflow_LIMS: No Timestamp/DSI Offset found in file
NSB_Workflow_LIMS: Read FAILED - Z:\DevilbissLab\SourceCode\Cerridwen\PreClinicalEEGFramework\Validation : PreclinicalEEGFramework Validation.doc
NSB_Workflow_LIMS: Opening - Z:\DevilbissLab\SourceCode\Cerridwen\PreClinicalEEGFramework\Validation : PreclinicalEEGFramework Validation2 .doc
NSB_Workflow_LIMS: Read Time = 0.0002067 (sec)
NSB_Workflow_LIMS: No Timestamp/DSI Offset found in file
NSB_Workflow_LIMS: Read FAILED - Z:\DevilbissLab\SourceCode\Cerridwen\PreClinicalEEGFramework\Validation : PreclinicalEEGFramework Validation2 .doc
NSB_Workflow_LIMS: Opening - Z:\DevilbissLab\SourceCode\Cerridwen\PreClinicalEEGFramework\Validation : Spectral Analysis.xls
NSB_Workflow_LIMS: Read Time = 0.0004298 (sec)
NSB_Workflow_LIMS: No Timestamp/DSI Offset found in file
NSB_Workflow_LIMS: Read FAILED - Z:\DevilbissLab\SourceCode\Cerridwen\PreClinicalEEGFramework\Validation : Spectral Analysis.xls
NSB_Workflow_LIMS: Opening - Z:\DevilbissLab\SourceCode\Cerridwen\PreClinicalEEGFramework\Validation : Spectral Analysis2.xls
NSB_Workflow_LIMS: Read Time = 4.53e-05 (sec)
NSB_Workflow_LIMS: No Timestamp/DSI Offset found in file
NSB_Workflow_LIMS: Read FAILED - Z:\DevilbissLab\SourceCode\Cerridwen\PreClinicalEEGFramework\Validation : Spectral Analysis2.xls
NSB_Workflow_LIMS: Opening - Z:\DevilbissLab\SourceCode\Cerridwen\PreClinicalEEGFramework\Validation : Startdate 18-APR-1989 X X Polyman_EEG Fpz-Cz_FFT.txt
NSB_Workflow_LIMS: Read Time = 6.44e-05 (sec)
NSB_Workflow_LIMS: No Timestamp/DSI Offset found in file
NSB_Workflow_LIMS: Read FAILED - Z:\DevilbissLab\SourceCode\Cerridwen\PreClinicalEEGFramework\Validation : Startdate 18-APR-1989 X X Polyman_EEG Fpz-Cz_FFT.txt
NSB_Workflow_LIMS: Opening - Z:\DevilbissLab\SourceCode\Cerridwen\PreClinicalEEGFramework\Validation : Startdate 18-APR-1989 X X Polyman_EEG Fpz-Cz_Periodogram.txt
NSB_Workflow_LIMS: Read Time = 4.31e-05 (sec)
NSB_Workflow_LIMS: No Timestamp/DSI Offset found in file
NSB_Workflow_LIMS: Read FAILED - Z:\DevilbissLab\SourceCode\Cerridwen\PreClinicalEEGFramework\Validation : Startdate 18-APR-1989 X X Polyman_EEG Fpz-Cz_Periodogram.txt
NSB_Workflow_LIMS: Opening - Z:\DevilbissLab\SourceCode\Cerridwen\PreClinicalEEGFramework\Validation : WaterFallPlot.txt
NSB_Workflow_LIMS: Read Time = 4.6e-05 (sec)
NSB_Workflow_LIMS: No Timestamp/DSI Offset found in file
NSB_Workflow_LIMS: Read FAILED - Z:\DevilbissLab\SourceCode\Cerridwen\PreClinicalEEGFramework\Validation : WaterFallPlot.txt
NSB_Workflow_LIMS: Opening - Z:\DevilbissLab\SourceCode\Cerridwen\PreClinicalEEGFramework\Validation : sc4102e0.edf
NSB_Workflow_LIMS: Read Time = 1.3512 (sec)
NSB_Workflow_LIMS: File Start Time = 18-Apr-1989 15:56:00
NSB_Workflow_LIMS: No Timestamp/DSI Offset found in file
NSB_Workflow_LIMS: Read OK - Z:\DevilbissLab\SourceCode\Cerridwen\PreClinicalEEGFramework\Validation : sc4102e0.edf
NSB_Workflow_LIMS: ...Detrending Channels 11-Apr-2025 15:40:41
NSB_Workflow_LIMS: ...Detrending Channels Sucessful. 11-Apr-2025 15:40:42
NSB_Workflow_LIMS: resampling data to 250 Hz
NSB_Workflow_LIMS: ...Analyzing Ch#1 EEG Fpz-Cz: 11-Apr-2025 15:40:42
NSB_Workflow_LIMS >> Found EMG Channel #5 EEG Fpz-Cz: 11-Apr-2025 15:40:42
NSB_Workflow_LIMS: ...Detecting Artifacts: 11-Apr-2025 15:40:42
Information: NSB_ArtifactDetection >> 1.9971% of file marked as artifact
NSB_Workflow_LIMS: ...Running Spectral Analysis: 11-Apr-2025 15:40:44
NSB_Workflow_LIMS: ...Saving Spectral Analysis: 11-Apr-2025 15:40:45
NSB_Workflow_LIMS: ...Running Univariate ActiveInfoStorage Analysis: 11-Apr-2025 15:41:45
>> Begin Analyses: Fri April 11, 2025  9:49:22 AM
NSB_Workflow_LIMS: Begin
NSB_Workflow_LIMS: Opening - Z:\DevilbissLab\SourceCode\Cerridwen\PreClinicalEEGFramework\Validation : Advanced MATLAB Capture mouse movement File Exchange Pick of the Week.URL
NSB_Workflow_LIMS: Read Time = 0.10244 (sec)
NSB_Workflow_LIMS: No Timestamp/DSI Offset found in file
NSB_Workflow_LIMS: Read FAILED - Z:\DevilbissLab\SourceCode\Cerridwen\PreClinicalEEGFramework\Validation : Advanced MATLAB Capture mouse movement File Exchange Pick of the Week.URL
NSB_Workflow_LIMS: Opening - Z:\DevilbissLab\SourceCode\Cerridwen\PreClinicalEEGFramework\Validation : NSB_SpectralAnalysis_Function.doc
NSB_Workflow_LIMS: Read Time = 0.0002851 (sec)
NSB_Workflow_LIMS: No Timestamp/DSI Offset found in file
NSB_Workflow_LIMS: Read FAILED - Z:\DevilbissLab\SourceCode\Cerridwen\PreClinicalEEGFramework\Validation : NSB_SpectralAnalysis_Function.doc
NSB_Workflow_LIMS: Opening - Z:\DevilbissLab\SourceCode\Cerridwen\PreClinicalEEGFramework\Validation : PreclinicalEEGFramework Validation.doc
NSB_Workflow_LIMS: Read Time = 0.0002809 (sec)
NSB_Workflow_LIMS: No Timestamp/DSI Offset found in file
NSB_Workflow_LIMS: Read FAILED - Z:\DevilbissLab\SourceCode\Cerridwen\PreClinicalEEGFramework\Validation : PreclinicalEEGFramework Validation.doc
NSB_Workflow_LIMS: Opening - Z:\DevilbissLab\SourceCode\Cerridwen\PreClinicalEEGFramework\Validation : PreclinicalEEGFramework Validation2 .doc
NSB_Workflow_LIMS: Read Time = 0.0002807 (sec)
NSB_Workflow_LIMS: No Timestamp/DSI Offset found in file
NSB_Workflow_LIMS: Read FAILED - Z:\DevilbissLab\SourceCode\Cerridwen\PreClinicalEEGFramework\Validation : PreclinicalEEGFramework Validation2 .doc
NSB_Workflow_LIMS: Opening - Z:\DevilbissLab\SourceCode\Cerridwen\PreClinicalEEGFramework\Validation : Spectral Analysis.xls
NSB_Workflow_LIMS: Read Time = 0.0014374 (sec)
NSB_Workflow_LIMS: No Timestamp/DSI Offset found in file
NSB_Workflow_LIMS: Read FAILED - Z:\DevilbissLab\SourceCode\Cerridwen\PreClinicalEEGFramework\Validation : Spectral Analysis.xls
NSB_Workflow_LIMS: Opening - Z:\DevilbissLab\SourceCode\Cerridwen\PreClinicalEEGFramework\Validation : Spectral Analysis2.xls
NSB_Workflow_LIMS: Read Time = 5.16e-05 (sec)
NSB_Workflow_LIMS: No Timestamp/DSI Offset found in file
NSB_Workflow_LIMS: Read FAILED - Z:\DevilbissLab\SourceCode\Cerridwen\PreClinicalEEGFramework\Validation : Spectral Analysis2.xls
NSB_Workflow_LIMS: Opening - Z:\DevilbissLab\SourceCode\Cerridwen\PreClinicalEEGFramework\Validation : Startdate 18-APR-1989 X X Polyman_EEG Fpz-Cz_FFT.txt
NSB_Workflow_LIMS: Read Time = 6.39e-05 (sec)
NSB_Workflow_LIMS: No Timestamp/DSI Offset found in file
NSB_Workflow_LIMS: Read FAILED - Z:\DevilbissLab\SourceCode\Cerridwen\PreClinicalEEGFramework\Validation : Startdate 18-APR-1989 X X Polyman_EEG Fpz-Cz_FFT.txt
NSB_Workflow_LIMS: Opening - Z:\DevilbissLab\SourceCode\Cerridwen\PreClinicalEEGFramework\Validation : Startdate 18-APR-1989 X X Polyman_EEG Fpz-Cz_Periodogram.txt
NSB_Workflow_LIMS: Read Time = 4.14e-05 (sec)
NSB_Workflow_LIMS: No Timestamp/DSI Offset found in file
NSB_Workflow_LIMS: Read FAILED - Z:\DevilbissLab\SourceCode\Cerridwen\PreClinicalEEGFramework\Validation : Startdate 18-APR-1989 X X Polyman_EEG Fpz-Cz_Periodogram.txt
NSB_Workflow_LIMS: Opening - Z:\DevilbissLab\SourceCode\Cerridwen\PreClinicalEEGFramework\Validation : WaterFallPlot.txt
NSB_Workflow_LIMS: Read Time = 3.96e-05 (sec)
NSB_Workflow_LIMS: No Timestamp/DSI Offset found in file
NSB_Workflow_LIMS: Read FAILED - Z:\DevilbissLab\SourceCode\Cerridwen\PreClinicalEEGFramework\Validation : WaterFallPlot.txt
NSB_Workflow_LIMS: Opening - Z:\DevilbissLab\SourceCode\Cerridwen\PreClinicalEEGFramework\Validation : sc4102e0.edf
NSB_Workflow_LIMS: Read Time = 1.5509 (sec)
NSB_Workflow_LIMS: File Start Time = 18-Apr-1989 15:56:00
NSB_Workflow_LIMS: No Timestamp/DSI Offset found in file
NSB_Workflow_LIMS: Read OK - Z:\DevilbissLab\SourceCode\Cerridwen\PreClinicalEEGFramework\Validation : sc4102e0.edf
NSB_Workflow_LIMS: ...Detrending Channels 13-Apr-2025 23:06:38
NSB_Workflow_LIMS: ...Detrending Channels Sucessful. 13-Apr-2025 23:06:39
NSB_Workflow_LIMS: resampling data to 250 Hz
NSB_Workflow_LIMS: ...Analyzing Ch#1 EEG Fpz-Cz: 13-Apr-2025 23:06:39
NSB_Workflow_LIMS >> Found EMG Channel #5 EEG Fpz-Cz: 13-Apr-2025 23:06:39
NSB_Workflow_LIMS: ...Detecting Artifacts: 13-Apr-2025 23:06:40
Information: NSB_ArtifactDetection >> 1.9971% of file marked as artifact
NSB_Workflow_LIMS: ...Running Spectral Analysis: 13-Apr-2025 23:06:43
NSB_Workflow_LIMS: ...Saving Spectral Analysis: 13-Apr-2025 23:06:44
NSB_Workflow_LIMS: ...Running Univariate ActiveInfoStorage Analysis: 13-Apr-2025 23:07:52
NSB_Workflow_LIMS: ...Running Univariate ActiveInfoStorage Analysis: 13-Apr-2025 23:08:52
>> Begin Analyses: Fri April 11, 2025  9:49:22 AM
NSB_Workflow_LIMS: Begin
NSB_Workflow_LIMS: Opening - Z:\DevilbissLab\SourceCode\Cerridwen\PreClinicalEEGFramework\Validation : Advanced MATLAB Capture mouse movement File Exchange Pick of the Week.URL
NSB_Workflow_LIMS: Read Time = 0.0014187 (sec)
NSB_Workflow_LIMS: No Timestamp/DSI Offset found in file
NSB_Workflow_LIMS: Read FAILED - Z:\DevilbissLab\SourceCode\Cerridwen\PreClinicalEEGFramework\Validation : Advanced MATLAB Capture mouse movement File Exchange Pick of the Week.URL
NSB_Workflow_LIMS: Opening - Z:\DevilbissLab\SourceCode\Cerridwen\PreClinicalEEGFramework\Validation : NSB_SpectralAnalysis_Function.doc
NSB_Workflow_LIMS: Read Time = 0.0003708 (sec)
NSB_Workflow_LIMS: No Timestamp/DSI Offset found in file
NSB_Workflow_LIMS: Read FAILED - Z:\DevilbissLab\SourceCode\Cerridwen\PreClinicalEEGFramework\Validation : NSB_SpectralAnalysis_Function.doc
NSB_Workflow_LIMS: Opening - Z:\DevilbissLab\SourceCode\Cerridwen\PreClinicalEEGFramework\Validation : PreclinicalEEGFramework Validation.doc
NSB_Workflow_LIMS: Read Time = 8.12e-05 (sec)
NSB_Workflow_LIMS: No Timestamp/DSI Offset found in file
NSB_Workflow_LIMS: Read FAILED - Z:\DevilbissLab\SourceCode\Cerridwen\PreClinicalEEGFramework\Validation : PreclinicalEEGFramework Validation.doc
NSB_Workflow_LIMS: Opening - Z:\DevilbissLab\SourceCode\Cerridwen\PreClinicalEEGFramework\Validation : PreclinicalEEGFramework Validation2 .doc
NSB_Workflow_LIMS: Read Time = 4.55e-05 (sec)
NSB_Workflow_LIMS: No Timestamp/DSI Offset found in file
NSB_Workflow_LIMS: Read FAILED - Z:\DevilbissLab\SourceCode\Cerridwen\PreClinicalEEGFramework\Validation : PreclinicalEEGFramework Validation2 .doc
NSB_Workflow_LIMS: Opening - Z:\DevilbissLab\SourceCode\Cerridwen\PreClinicalEEGFramework\Validation : Spectral Analysis.xls
NSB_Workflow_LIMS: Read Time = 4.55e-05 (sec)
NSB_Workflow_LIMS: No Timestamp/DSI Offset found in file
NSB_Workflow_LIMS: Read FAILED - Z:\DevilbissLab\SourceCode\Cerridwen\PreClinicalEEGFramework\Validation : Spectral Analysis.xls
NSB_Workflow_LIMS: Opening - Z:\DevilbissLab\SourceCode\Cerridwen\PreClinicalEEGFramework\Validation : Spectral Analysis2.xls
NSB_Workflow_LIMS: Read Time = 4.48e-05 (sec)
NSB_Workflow_LIMS: No Timestamp/DSI Offset found in file
NSB_Workflow_LIMS: Read FAILED - Z:\DevilbissLab\SourceCode\Cerridwen\PreClinicalEEGFramework\Validation : Spectral Analysis2.xls
NSB_Workflow_LIMS: Opening - Z:\DevilbissLab\SourceCode\Cerridwen\PreClinicalEEGFramework\Validation : Startdate 18-APR-1989 X X Polyman_EEG Fpz-Cz_FFT.txt
NSB_Workflow_LIMS: Read Time = 4.48e-05 (sec)
NSB_Workflow_LIMS: No Timestamp/DSI Offset found in file
NSB_Workflow_LIMS: Read FAILED - Z:\DevilbissLab\SourceCode\Cerridwen\PreClinicalEEGFramework\Validation : Startdate 18-APR-1989 X X Polyman_EEG Fpz-Cz_FFT.txt
NSB_Workflow_LIMS: Opening - Z:\DevilbissLab\SourceCode\Cerridwen\PreClinicalEEGFramework\Validation : Startdate 18-APR-1989 X X Polyman_EEG Fpz-Cz_Periodogram.txt
NSB_Workflow_LIMS: Read Time = 4.53e-05 (sec)
NSB_Workflow_LIMS: No Timestamp/DSI Offset found in file
NSB_Workflow_LIMS: Read FAILED - Z:\DevilbissLab\SourceCode\Cerridwen\PreClinicalEEGFramework\Validation : Startdate 18-APR-1989 X X Polyman_EEG Fpz-Cz_Periodogram.txt
NSB_Workflow_LIMS: Opening - Z:\DevilbissLab\SourceCode\Cerridwen\PreClinicalEEGFramework\Validation : WaterFallPlot.txt
NSB_Workflow_LIMS: Read Time = 4.76e-05 (sec)
NSB_Workflow_LIMS: No Timestamp/DSI Offset found in file
NSB_Workflow_LIMS: Read FAILED - Z:\DevilbissLab\SourceCode\Cerridwen\PreClinicalEEGFramework\Validation : WaterFallPlot.txt
NSB_Workflow_LIMS: Opening - Z:\DevilbissLab\SourceCode\Cerridwen\PreClinicalEEGFramework\Validation : sc4102e0.edf
NSB_Workflow_LIMS: Read Time = 1.0837 (sec)
NSB_Workflow_LIMS: File Start Time = 18-Apr-1989 15:56:00
NSB_Workflow_LIMS: No Timestamp/DSI Offset found in file
NSB_Workflow_LIMS: Read OK - Z:\DevilbissLab\SourceCode\Cerridwen\PreClinicalEEGFramework\Validation : sc4102e0.edf
NSB_Workflow_LIMS: ...Detrending Channels 13-Apr-2025 23:21:39
NSB_Workflow_LIMS: ...Detrending Channels Sucessful. 13-Apr-2025 23:21:41
NSB_Workflow_LIMS: resampling data to 250 Hz
NSB_Workflow_LIMS: ...Analyzing Ch#1 EEG Fpz-Cz: 13-Apr-2025 23:21:41
NSB_Workflow_LIMS >> Found EMG Channel #5 EEG Fpz-Cz: 13-Apr-2025 23:21:41
NSB_Workflow_LIMS: ...Detecting Artifacts: 13-Apr-2025 23:21:41
Information: NSB_ArtifactDetection >> 1.9971% of file marked as artifact
NSB_Workflow_LIMS: ...Running Spectral Analysis: 13-Apr-2025 23:21:43
NSB_Workflow_LIMS: ...Saving Spectral Analysis: 13-Apr-2025 23:21:44
NSB_Workflow_LIMS: ...Running Univariate ActiveInfoStorage Analysis: 13-Apr-2025 23:22:12
NSB_Workflow_LIMS: ...Running Univariate ActiveInfoStorage Analysis: 13-Apr-2025 23:23:28
