Info:NSB_LoadLicensing >> License Found for DevilbissLab Group=Devilbiss office User=
Info:NSB_LoadLicensing >> Trying NIC# 1 = 6C-4B-90-E2-CB-F5
Info:NSB_LoadLicensing >> Framework License Valid.
Info:NSB_LoadLicensing >> Eternal Framework License Valid.
Info:NSB_LoadLicensing >> DSI Import Module License Valid.
Info:NSB_LoadLicensing >> EDF Writer Module License Valid.
Info:NSB_LoadLicensing >> Sleep Scoring Module License Valid.
Info:NSB_LoadLicensing >> FIFF Import Module License Valid.
Info:NSB_LoadLicensing >> Groupwise Table Output Module License Valid.
NexStep Biomarkers Preclinical EEG Framework log file
Data Input Selected: Z:\DevilbissLab\SourceCode\Cerridwen\PreClinicalEEGFramework\Validation
>> Begin Analyses: Mon April 14, 2025  9:57:02 AM
NSB_Workflow_LIMS: Begin
NSB_Workflow_LIMS: Opening - Z:\DevilbissLab\SourceCode\Cerridwen\PreClinicalEEGFramework\Validation : Advanced MATLAB Capture mouse movement File Exchange Pick of the Week.URL
NSB_Workflow_LIMS: Read Time = 0.10993 (sec)
NSB_Workflow_LIMS: No Timestamp/DSI Offset found in file
NSB_Workflow_LIMS: Read FAILED - Z:\DevilbissLab\SourceCode\Cerridwen\PreClinicalEEGFramework\Validation : Advanced MATLAB Capture mouse movement File Exchange Pick of the Week.URL
NSB_Workflow_LIMS: Opening - Z:\DevilbissLab\SourceCode\Cerridwen\PreClinicalEEGFramework\Validation : NSB_SpectralAnalysis_Function.doc
NSB_Workflow_LIMS: Read Time = 0.0002968 (sec)
NSB_Workflow_LIMS: No Timestamp/DSI Offset found in file
NSB_Workflow_LIMS: Read FAILED - Z:\DevilbissLab\SourceCode\Cerridwen\PreClinicalEEGFramework\Validation : NSB_SpectralAnalysis_Function.doc
NSB_Workflow_LIMS: Opening - Z:\DevilbissLab\SourceCode\Cerridwen\PreClinicalEEGFramework\Validation : PreclinicalEEGFramework Validation.doc
NSB_Workflow_LIMS: Read Time = 0.0002921 (sec)
NSB_Workflow_LIMS: No Timestamp/DSI Offset found in file
NSB_Workflow_LIMS: Read FAILED - Z:\DevilbissLab\SourceCode\Cerridwen\PreClinicalEEGFramework\Validation : PreclinicalEEGFramework Validation.doc
NSB_Workflow_LIMS: Opening - Z:\DevilbissLab\SourceCode\Cerridwen\PreClinicalEEGFramework\Validation : PreclinicalEEGFramework Validation2 .doc
NSB_Workflow_LIMS: Read Time = 0.0002866 (sec)
NSB_Workflow_LIMS: No Timestamp/DSI Offset found in file
NSB_Workflow_LIMS: Read FAILED - Z:\DevilbissLab\SourceCode\Cerridwen\PreClinicalEEGFramework\Validation : PreclinicalEEGFramework Validation2 .doc
NSB_Workflow_LIMS: Opening - Z:\DevilbissLab\SourceCode\Cerridwen\PreClinicalEEGFramework\Validation : Spectral Analysis.xls
NSB_Workflow_LIMS: Read Time = 0.0014647 (sec)
NSB_Workflow_LIMS: No Timestamp/DSI Offset found in file
NSB_Workflow_LIMS: Read FAILED - Z:\DevilbissLab\SourceCode\Cerridwen\PreClinicalEEGFramework\Validation : Spectral Analysis.xls
NSB_Workflow_LIMS: Opening - Z:\DevilbissLab\SourceCode\Cerridwen\PreClinicalEEGFramework\Validation : Spectral Analysis2.xls
NSB_Workflow_LIMS: Read Time = 6.3e-05 (sec)
NSB_Workflow_LIMS: No Timestamp/DSI Offset found in file
NSB_Workflow_LIMS: Read FAILED - Z:\DevilbissLab\SourceCode\Cerridwen\PreClinicalEEGFramework\Validation : Spectral Analysis2.xls
NSB_Workflow_LIMS: Opening - Z:\DevilbissLab\SourceCode\Cerridwen\PreClinicalEEGFramework\Validation : Startdate 18-APR-1989 X X Polyman_EEG Fpz-Cz_FFT.txt
NSB_Workflow_LIMS: Read Time = 4.66e-05 (sec)
NSB_Workflow_LIMS: No Timestamp/DSI Offset found in file
NSB_Workflow_LIMS: Read FAILED - Z:\DevilbissLab\SourceCode\Cerridwen\PreClinicalEEGFramework\Validation : Startdate 18-APR-1989 X X Polyman_EEG Fpz-Cz_FFT.txt
NSB_Workflow_LIMS: Opening - Z:\DevilbissLab\SourceCode\Cerridwen\PreClinicalEEGFramework\Validation : Startdate 18-APR-1989 X X Polyman_EEG Fpz-Cz_Periodogram.txt
NSB_Workflow_LIMS: Read Time = 5.28e-05 (sec)
NSB_Workflow_LIMS: No Timestamp/DSI Offset found in file
NSB_Workflow_LIMS: Read FAILED - Z:\DevilbissLab\SourceCode\Cerridwen\PreClinicalEEGFramework\Validation : Startdate 18-APR-1989 X X Polyman_EEG Fpz-Cz_Periodogram.txt
NSB_Workflow_LIMS: Opening - Z:\DevilbissLab\SourceCode\Cerridwen\PreClinicalEEGFramework\Validation : WaterFallPlot.txt
NSB_Workflow_LIMS: Read Time = 5.76e-05 (sec)
NSB_Workflow_LIMS: No Timestamp/DSI Offset found in file
NSB_Workflow_LIMS: Read FAILED - Z:\DevilbissLab\SourceCode\Cerridwen\PreClinicalEEGFramework\Validation : WaterFallPlot.txt
NSB_Workflow_LIMS: Opening - Z:\DevilbissLab\SourceCode\Cerridwen\PreClinicalEEGFramework\Validation : sc4102e0.edf
NSB_Workflow_LIMS: Read Time = 1.5395 (sec)
NSB_Workflow_LIMS: File Start Time = 18-Apr-1989 15:56:00
NSB_Workflow_LIMS: No Timestamp/DSI Offset found in file
NSB_Workflow_LIMS: Read OK - Z:\DevilbissLab\SourceCode\Cerridwen\PreClinicalEEGFramework\Validation : sc4102e0.edf
NSB_Workflow_LIMS: ...Detrending Channels 14-Apr-2025 09:57:30
NSB_Workflow_LIMS: ...Detrending Channels Sucessful. 14-Apr-2025 09:57:32
NSB_Workflow_LIMS: resampling data to 250 Hz
NSB_Workflow_LIMS: ...Analyzing Ch#1 EEG Fpz-Cz: 14-Apr-2025 09:57:32
NSB_Workflow_LIMS >> Found EMG Channel #5 EEG Fpz-Cz: 14-Apr-2025 09:57:32
NSB_Workflow_LIMS: ...Detecting Artifacts: 14-Apr-2025 09:57:32
Information: NSB_ArtifactDetection >> 1.9971% of file marked as artifact
NSB_Workflow_LIMS: ...Running Spectral Analysis: 14-Apr-2025 09:57:34
NSB_Workflow_LIMS: ...Saving Spectral Analysis: 14-Apr-2025 09:57:35
NSB_Workflow_LIMS: ...Running Univariate ActiveInfoStorage Analysis: 14-Apr-2025 09:58:19
>> Analyses FAILED: 
>> Analyses FAILED: MATLAB:badnullindexDeletion requires an existing variable.
>> Begin Analyses: Mon April 14, 2025  9:57:02 AM
NSB_Workflow_LIMS: Begin
NSB_Workflow_LIMS: Opening - Z:\DevilbissLab\SourceCode\Cerridwen\PreClinicalEEGFramework\Validation : Advanced MATLAB Capture mouse movement File Exchange Pick of the Week.URL
NSB_Workflow_LIMS: Read Time = 0.0015762 (sec)
NSB_Workflow_LIMS: No Timestamp/DSI Offset found in file
NSB_Workflow_LIMS: Read FAILED - Z:\DevilbissLab\SourceCode\Cerridwen\PreClinicalEEGFramework\Validation : Advanced MATLAB Capture mouse movement File Exchange Pick of the Week.URL
NSB_Workflow_LIMS: Opening - Z:\DevilbissLab\SourceCode\Cerridwen\PreClinicalEEGFramework\Validation : NSB_SpectralAnalysis_Function.doc
NSB_Workflow_LIMS: Read Time = 0.0003579 (sec)
NSB_Workflow_LIMS: No Timestamp/DSI Offset found in file
NSB_Workflow_LIMS: Read FAILED - Z:\DevilbissLab\SourceCode\Cerridwen\PreClinicalEEGFramework\Validation : NSB_SpectralAnalysis_Function.doc
NSB_Workflow_LIMS: Opening - Z:\DevilbissLab\SourceCode\Cerridwen\PreClinicalEEGFramework\Validation : PreclinicalEEGFramework Validation.doc
NSB_Workflow_LIMS: Read Time = 4.1e-05 (sec)
NSB_Workflow_LIMS: No Timestamp/DSI Offset found in file
NSB_Workflow_LIMS: Read FAILED - Z:\DevilbissLab\SourceCode\Cerridwen\PreClinicalEEGFramework\Validation : PreclinicalEEGFramework Validation.doc
NSB_Workflow_LIMS: Opening - Z:\DevilbissLab\SourceCode\Cerridwen\PreClinicalEEGFramework\Validation : PreclinicalEEGFramework Validation2 .doc
NSB_Workflow_LIMS: Read Time = 4.09e-05 (sec)
NSB_Workflow_LIMS: No Timestamp/DSI Offset found in file
NSB_Workflow_LIMS: Read FAILED - Z:\DevilbissLab\SourceCode\Cerridwen\PreClinicalEEGFramework\Validation : PreclinicalEEGFramework Validation2 .doc
NSB_Workflow_LIMS: Opening - Z:\DevilbissLab\SourceCode\Cerridwen\PreClinicalEEGFramework\Validation : Spectral Analysis.xls
NSB_Workflow_LIMS: Read Time = 4.19e-05 (sec)
NSB_Workflow_LIMS: No Timestamp/DSI Offset found in file
NSB_Workflow_LIMS: Read FAILED - Z:\DevilbissLab\SourceCode\Cerridwen\PreClinicalEEGFramework\Validation : Spectral Analysis.xls
NSB_Workflow_LIMS: Opening - Z:\DevilbissLab\SourceCode\Cerridwen\PreClinicalEEGFramework\Validation : Spectral Analysis2.xls
NSB_Workflow_LIMS: Read Time = 4.55e-05 (sec)
NSB_Workflow_LIMS: No Timestamp/DSI Offset found in file
NSB_Workflow_LIMS: Read FAILED - Z:\DevilbissLab\SourceCode\Cerridwen\PreClinicalEEGFramework\Validation : Spectral Analysis2.xls
NSB_Workflow_LIMS: Opening - Z:\DevilbissLab\SourceCode\Cerridwen\PreClinicalEEGFramework\Validation : Startdate 18-APR-1989 X X Polyman_EEG Fpz-Cz_FFT.txt
NSB_Workflow_LIMS: Read Time = 4.44e-05 (sec)
NSB_Workflow_LIMS: No Timestamp/DSI Offset found in file
NSB_Workflow_LIMS: Read FAILED - Z:\DevilbissLab\SourceCode\Cerridwen\PreClinicalEEGFramework\Validation : Startdate 18-APR-1989 X X Polyman_EEG Fpz-Cz_FFT.txt
NSB_Workflow_LIMS: Opening - Z:\DevilbissLab\SourceCode\Cerridwen\PreClinicalEEGFramework\Validation : Startdate 18-APR-1989 X X Polyman_EEG Fpz-Cz_Periodogram.txt
NSB_Workflow_LIMS: Read Time = 4.26e-05 (sec)
NSB_Workflow_LIMS: No Timestamp/DSI Offset found in file
NSB_Workflow_LIMS: Read FAILED - Z:\DevilbissLab\SourceCode\Cerridwen\PreClinicalEEGFramework\Validation : Startdate 18-APR-1989 X X Polyman_EEG Fpz-Cz_Periodogram.txt
NSB_Workflow_LIMS: Opening - Z:\DevilbissLab\SourceCode\Cerridwen\PreClinicalEEGFramework\Validation : WaterFallPlot.txt
NSB_Workflow_LIMS: Read Time = 4.37e-05 (sec)
NSB_Workflow_LIMS: No Timestamp/DSI Offset found in file
NSB_Workflow_LIMS: Read FAILED - Z:\DevilbissLab\SourceCode\Cerridwen\PreClinicalEEGFramework\Validation : WaterFallPlot.txt
NSB_Workflow_LIMS: Opening - Z:\DevilbissLab\SourceCode\Cerridwen\PreClinicalEEGFramework\Validation : sc4102e0.edf
NSB_Workflow_LIMS: Read Time = 1.1995 (sec)
NSB_Workflow_LIMS: File Start Time = 18-Apr-1989 15:56:00
NSB_Workflow_LIMS: No Timestamp/DSI Offset found in file
NSB_Workflow_LIMS: Read OK - Z:\DevilbissLab\SourceCode\Cerridwen\PreClinicalEEGFramework\Validation : sc4102e0.edf
NSB_Workflow_LIMS: ...Detrending Channels 14-Apr-2025 10:02:05
NSB_Workflow_LIMS: ...Detrending Channels Sucessful. 14-Apr-2025 10:02:06
NSB_Workflow_LIMS: resampling data to 250 Hz
NSB_Workflow_LIMS: ...Analyzing Ch#1 EEG Fpz-Cz: 14-Apr-2025 10:02:06
NSB_Workflow_LIMS >> Found EMG Channel #5 EEG Fpz-Cz: 14-Apr-2025 10:02:06
NSB_Workflow_LIMS: ...Detecting Artifacts: 14-Apr-2025 10:02:07
Information: NSB_ArtifactDetection >> 1.9971% of file marked as artifact
NSB_Workflow_LIMS: ...Running Spectral Analysis: 14-Apr-2025 10:02:09
NSB_Workflow_LIMS: ...Saving Spectral Analysis: 14-Apr-2025 10:02:09
NSB_Workflow_LIMS: ...Running Univariate ActiveInfoStorage Analysis: 14-Apr-2025 10:02:40
>> Begin Analyses: Mon April 14, 2025  9:57:02 AM
NSB_Workflow_LIMS: Begin
NSB_Workflow_LIMS: Opening - Z:\DevilbissLab\SourceCode\Cerridwen\PreClinicalEEGFramework\Validation : Advanced MATLAB Capture mouse movement File Exchange Pick of the Week.URL
NSB_Workflow_LIMS: Read Time = 0.0015508 (sec)
NSB_Workflow_LIMS: No Timestamp/DSI Offset found in file
NSB_Workflow_LIMS: Read FAILED - Z:\DevilbissLab\SourceCode\Cerridwen\PreClinicalEEGFramework\Validation : Advanced MATLAB Capture mouse movement File Exchange Pick of the Week.URL
NSB_Workflow_LIMS: Opening - Z:\DevilbissLab\SourceCode\Cerridwen\PreClinicalEEGFramework\Validation : NSB_SpectralAnalysis_Function.doc
NSB_Workflow_LIMS: Read Time = 0.0005235 (sec)
NSB_Workflow_LIMS: No Timestamp/DSI Offset found in file
NSB_Workflow_LIMS: Read FAILED - Z:\DevilbissLab\SourceCode\Cerridwen\PreClinicalEEGFramework\Validation : NSB_SpectralAnalysis_Function.doc
NSB_Workflow_LIMS: Opening - Z:\DevilbissLab\SourceCode\Cerridwen\PreClinicalEEGFramework\Validation : PreclinicalEEGFramework Validation.doc
NSB_Workflow_LIMS: Read Time = 4.53e-05 (sec)
NSB_Workflow_LIMS: No Timestamp/DSI Offset found in file
NSB_Workflow_LIMS: Read FAILED - Z:\DevilbissLab\SourceCode\Cerridwen\PreClinicalEEGFramework\Validation : PreclinicalEEGFramework Validation.doc
NSB_Workflow_LIMS: Opening - Z:\DevilbissLab\SourceCode\Cerridwen\PreClinicalEEGFramework\Validation : PreclinicalEEGFramework Validation2 .doc
NSB_Workflow_LIMS: Read Time = 9.68e-05 (sec)
NSB_Workflow_LIMS: No Timestamp/DSI Offset found in file
NSB_Workflow_LIMS: Read FAILED - Z:\DevilbissLab\SourceCode\Cerridwen\PreClinicalEEGFramework\Validation : PreclinicalEEGFramework Validation2 .doc
NSB_Workflow_LIMS: Opening - Z:\DevilbissLab\SourceCode\Cerridwen\PreClinicalEEGFramework\Validation : Spectral Analysis.xls
NSB_Workflow_LIMS: Read Time = 4.05e-05 (sec)
NSB_Workflow_LIMS: No Timestamp/DSI Offset found in file
NSB_Workflow_LIMS: Read FAILED - Z:\DevilbissLab\SourceCode\Cerridwen\PreClinicalEEGFramework\Validation : Spectral Analysis.xls
NSB_Workflow_LIMS: Opening - Z:\DevilbissLab\SourceCode\Cerridwen\PreClinicalEEGFramework\Validation : Spectral Analysis2.xls
NSB_Workflow_LIMS: Read Time = 6.74e-05 (sec)
NSB_Workflow_LIMS: No Timestamp/DSI Offset found in file
NSB_Workflow_LIMS: Read FAILED - Z:\DevilbissLab\SourceCode\Cerridwen\PreClinicalEEGFramework\Validation : Spectral Analysis2.xls
NSB_Workflow_LIMS: Opening - Z:\DevilbissLab\SourceCode\Cerridwen\PreClinicalEEGFramework\Validation : Startdate 18-APR-1989 X X Polyman_EEG Fpz-Cz_FFT.txt
NSB_Workflow_LIMS: Read Time = 8.22e-05 (sec)
NSB_Workflow_LIMS: No Timestamp/DSI Offset found in file
NSB_Workflow_LIMS: Read FAILED - Z:\DevilbissLab\SourceCode\Cerridwen\PreClinicalEEGFramework\Validation : Startdate 18-APR-1989 X X Polyman_EEG Fpz-Cz_FFT.txt
NSB_Workflow_LIMS: Opening - Z:\DevilbissLab\SourceCode\Cerridwen\PreClinicalEEGFramework\Validation : Startdate 18-APR-1989 X X Polyman_EEG Fpz-Cz_Periodogram.txt
NSB_Workflow_LIMS: Read Time = 4.51e-05 (sec)
NSB_Workflow_LIMS: No Timestamp/DSI Offset found in file
NSB_Workflow_LIMS: Read FAILED - Z:\DevilbissLab\SourceCode\Cerridwen\PreClinicalEEGFramework\Validation : Startdate 18-APR-1989 X X Polyman_EEG Fpz-Cz_Periodogram.txt
NSB_Workflow_LIMS: Opening - Z:\DevilbissLab\SourceCode\Cerridwen\PreClinicalEEGFramework\Validation : WaterFallPlot.txt
NSB_Workflow_LIMS: Read Time = 4.58e-05 (sec)
NSB_Workflow_LIMS: No Timestamp/DSI Offset found in file
NSB_Workflow_LIMS: Read FAILED - Z:\DevilbissLab\SourceCode\Cerridwen\PreClinicalEEGFramework\Validation : WaterFallPlot.txt
NSB_Workflow_LIMS: Opening - Z:\DevilbissLab\SourceCode\Cerridwen\PreClinicalEEGFramework\Validation : sc4102e0.edf
NSB_Workflow_LIMS: Read Time = 1.2712 (sec)
NSB_Workflow_LIMS: File Start Time = 18-Apr-1989 15:56:00
NSB_Workflow_LIMS: No Timestamp/DSI Offset found in file
NSB_Workflow_LIMS: Read OK - Z:\DevilbissLab\SourceCode\Cerridwen\PreClinicalEEGFramework\Validation : sc4102e0.edf
NSB_Workflow_LIMS: ...Detrending Channels 14-Apr-2025 10:10:55
NSB_Workflow_LIMS: ...Detrending Channels Sucessful. 14-Apr-2025 10:10:56
NSB_Workflow_LIMS: resampling data to 250 Hz
NSB_Workflow_LIMS: ...Analyzing Ch#1 EEG Fpz-Cz: 14-Apr-2025 10:10:56
NSB_Workflow_LIMS >> Found EMG Channel #5 EEG Fpz-Cz: 14-Apr-2025 10:10:56
NSB_Workflow_LIMS: ...Detecting Artifacts: 14-Apr-2025 10:10:56
Information: NSB_ArtifactDetection >> 1.9971% of file marked as artifact
NSB_Workflow_LIMS: ...Running Spectral Analysis: 14-Apr-2025 10:10:59
NSB_Workflow_LIMS: ...Saving Spectral Analysis: 14-Apr-2025 10:10:59
NSB_Workflow_LIMS: ...Running Univariate ActiveInfoStorage Analysis: 14-Apr-2025 10:11:18
NSB_Workflow_LIMS: ...Saving ActiveInformation Analysis: 14-Apr-2025 23:00:30
NSB_Workflow_LIMS: ...Analyzing Ch#2 EEG Pz-Oz: 15-Apr-2025 10:37:39
NSB_Workflow_LIMS >> Found EMG Channel #5 EEG Pz-Oz: 15-Apr-2025 10:37:39
NSB_Workflow_LIMS: ...Detecting Artifacts: 15-Apr-2025 10:37:39
Information: NSB_ArtifactDetection >> 2.4683% of file marked as artifact
NSB_Workflow_LIMS: ...Running Spectral Analysis: 15-Apr-2025 10:37:42
NSB_Workflow_LIMS: ...Saving Spectral Analysis: 15-Apr-2025 10:37:44
NSB_Workflow_LIMS: ...Analyzing Ch#3 EOG horizontal: 15-Apr-2025 10:38:04
NSB_Workflow_LIMS >> Found EMG Channel #5 EOG horizontal: 15-Apr-2025 10:38:04
NSB_Workflow_LIMS: ...Detecting Artifacts: 15-Apr-2025 10:38:04
Information: NSB_ArtifactDetection >> 3.8288% of file marked as artifact
NSB_Workflow_LIMS: ...Running Spectral Analysis: 15-Apr-2025 10:38:07
NSB_Workflow_LIMS: ...Saving Spectral Analysis: 15-Apr-2025 10:38:07
NSB_Workflow_LIMS: ...Analyzing Ch#4 Resp oro-nasal: 15-Apr-2025 10:38:39
NSB_Workflow_LIMS: ...Sample Rate < 60Hz. Skipping invalid data.
NSB_Workflow_LIMS: ...Analyzing Ch#5 EMG Submental: 15-Apr-2025 10:38:39
NSB_Workflow_LIMS: ...Sample Rate < 60Hz. Skipping invalid data.
NSB_Workflow_LIMS: ...Analyzing Ch#6 Temp body: 15-Apr-2025 10:38:39
NSB_Workflow_LIMS: ...Sample Rate < 60Hz. Skipping invalid data.
NSB_Workflow_LIMS: ...Analyzing Ch#7 Event marker: 15-Apr-2025 10:38:39
NSB_Workflow_LIMS: ...Sample Rate < 60Hz. Skipping invalid data.
>> Quitting Analyses: Tue April 15, 2025  2:57:49 PM
